h:\c++\cppcourse\guessing game\x64\debug\vc143.pdb
h:\c++\cppcourse\guessing game\x64\debug\vc143.idb
h:\c++\cppcourse\guessing game\x64\debug\guessinggame.obj
h:\c++\cppcourse\x64\debug\6.guessing game.exe
h:\c++\cppcourse\guessing game\x64\debug\6.guessing game.ilk
h:\c++\cppcourse\x64\debug\6.guessing game.pdb
c:\c++\cppcourse\guessing game\x64\debug\guessinggame.obj
c:\c++\cppcourse\guessing game\x64\debug\guessinggame.obj.enc
c:\c++\cppcourse\guessing game\x64\debug\6.guessing game.ilk
c:\c++\cppcourse\guessing game\x64\debug\vc142.idb
c:\c++\cppcourse\guessing game\x64\debug\vc143.idb
c:\c++\cppcourse\guessing game\x64\debug\vc142.pdb
c:\c++\cppcourse\guessing game\x64\debug\vc143.pdb
c:\c++\cppcourse\x64\debug\6.guessing game.pdb
c:\c++\cppcourse\x64\debug\6.guessing game.exe
c:\c++\cppcourse\guessing game\x64\debug\6.guessing game.tlog\cl.command.1.tlog
c:\c++\cppcourse\guessing game\x64\debug\6.guessing game.tlog\cl.read.1.tlog
c:\c++\cppcourse\guessing game\x64\debug\6.guessing game.tlog\cl.write.1.tlog
c:\c++\cppcourse\guessing game\x64\debug\6.guessing game.tlog\link.command.1.tlog
c:\c++\cppcourse\guessing game\x64\debug\6.guessing game.tlog\link.read.1.tlog
c:\c++\cppcourse\guessing game\x64\debug\6.guessing game.tlog\link.write.1.tlog
